Fri Mar  8 03:25:05 PM +05 2024
Checksum operation completed
Files scanned:   1303
Blocks scanned:  4427
Bad checksums:  0
Data checksum version: 1
--------------------------------
Fri Mar  8 05:05:54 PM +05 2024
Checksum operation completed
Files scanned:   1307
Blocks scanned:  5516
Bad checksums:  0
Data checksum version: 1
--------------------------------
Fri Mar  8 09:38:18 PM +05 2024
Checksum operation completed
Files scanned:   1311
Blocks scanned:  8285
Bad checksums:  0
Data checksum version: 1
--------------------------------
Sat Mar  9 02:25:36 AM +05 2024
Checksum operation completed
Files scanned:   1312
Blocks scanned:  10304
Bad checksums:  0
Data checksum version: 1
--------------------------------
Sat Mar  9 02:35:27 PM +05 2024
Checksum operation completed
Files scanned:   1312
Blocks scanned:  11003
Bad checksums:  0
Data checksum version: 1
--------------------------------
Sat Mar  9 09:15:19 PM +05 2024
Checksum operation completed
Files scanned:   1312
Blocks scanned:  15391
Bad checksums:  0
Data checksum version: 1
--------------------------------
