2024-03-08 14:00:35---Start logging NON-RECORDED---
671203
671200
671207
671204
671213
671212
669067
671260
671259
671254
671252
671264
671261
616373
616325
671146
671148
671147
671151
671150
671153
671152
671157
671156
671155
671159
671163
671162
671161
671160
671181
671170
671169
671167
671166
671184
671183
671182
671193
671192
671191
671189
671188
671187
671185
616394
616378
616379
670907
670913
670929
670923
670922
670921
670920
670919
670918
670917
670915
670930
670931
670933
670932
670935
670941
670940
670939
670937
670936
670960
670959
670957
670951
670950
670949
670948
670947
670946
670945
670944
670963
670962
670968
670967
670966
670965
670973
670971
668951
670975
670981
670980
670979
670978
670977
670983
670982
671025
671024
671021
671031
671030
671027
671026
671033
671035
671036
670661
670663
670671
670669
670667
670665
670664
670672
670674
670697
670685
670684
670682
670710
670709
670708
670707
670706
670705
670704
670703
670702
670701
670700
670699
670698
670711
670723
670722
670721
670720
670718
670717
670716
670715
670714
670713
670712
670724
670733
670728
670727
670726
670745
670743
670742
670740
670739
670738
670737
670736
670735
670734
670759
670756
670755
670754
670753
670751
670749
670747
670746
670760
670765
670764
670763
670762
670767
670766
670770
670769
670768
670778
670777
670776
670774
670773
670271
670270
670273
670277
670276
670275
670274
670303
670294
670293
670292
670291
670288
670287
670286
670285
670283
670282
670281
670298
670297
670296
670323
670322
670321
670320
670319
670318
670324
670397
670396
670393
670392
670391
670390
670389
670388
670331
670329
670328
670326
670420
670418
670417
670416
670412
670405
670403
670398
670525
670524
670523
670522
670430
670429
670428
670426
670425
670424
670423
670421
670556
670555
670554
670553
670552
670551
670549
670541
670540
670539
670538
670537
670536
670535
670532
670600
670015
670014
670013
670012
670011
670008
670007
670016
670022
670019
670030
670029
670026
670025
670024
670531
670530
670529
670528
670527
670526
670645
670604
670603
670601
670597
670596
670572
670571
670569
670567
670565
670562
670561
670654
670653
670651
670650
670649
670648
670031
670046
670045
670043
670042
670041
670040
670039
670038
670037
670061
670060
670058
670057
670056
670055
670052
670051
670049
670048
670047
670066
670073
670072
670071
670070
670069
670067
670076
670075
670080
670079
670078
670077
670099
670094
670090
670089
670087
670086
670085
670084
670083
670082
670140
670137
670136
670134
670132
670102
670101
670100
670167
670166
670165
670163
670162
670159
670158
670157
670156
670154
670153
670152
670150
670149
670147
670146
670176
670174
670173
670172
670171
670170
670168
669422
669420
669419
669432
669430
669428
669427
669424
669459
669455
669586
669588
669587
669589
669590
669592
670000
669597
669595
669593
671776
671777
672109
672116
672115
672114
672113
672112
672111
672110
672118
672117
672214
672213
672129
672128
672127
672126
672125
672124
672123
672122
672121
672120
672119
672226
672225
672224
672223
672222
672221
672220
672219
672218
672217
669978
669977
669725
669724
669723
669721
669720
669719
669718
669734
669733
669732
669731
669730
669729
669754
669753
669752
669751
669750
669749
669747
669746
669745
669744
669743
669742
669741
669740
669739
669738
669737
669736
669735
669447
669443
669439
669435
669464
669463
669462
669461
669460
669479
669478
669475
669474
669471
669470
669469
669468
669466
669484
669482
669480
669485
669500
669498
669497
669496
669495
669494
669491
669490
669489
669488
669585
669533
669532
669530
669529
669526
669525
669524
669523
669522
669521
669520
669518
669515
669514
669513
669511
669510
669509
669508
669507
669506
669505
669504
669501
671742
671741
671746
671745
671744
671743
671750
671749
671748
671747
671754
671753
671752
671751
671756
671755
671757
671771
671770
671769
671768
671767
671766
671765
671764
671763
671762
671761
671760
671759
671772
671775
671774
669652
669651
669650
669688
669685
669682
669681
669680
669671
669669
669668
669667
669666
669665
669664
669662
669661
669660
669659
669658
669657
669656
669654
669707
669705
669704
669703
669702
669701
669700
669699
669698
669696
669695
669694
669693
669692
669691
665773
665772
665775
665774
665779
665778
665777
665776
665780
665783
665782
665781
668585
668584
665798
665797
665796
665795
665794
665793
665792
665791
665790
665789
665788
665787
665786
665785
665784
668586
668593
668592
668591
668590
668589
668588
668596
668595
668594
617447
617524
617424
667941
669308
667921
667920
667919
667918
667922
667931
667930
667929
667928
667927
667926
667925
667924
667923
667934
667933
667932
667937
667936
667935
667938
667940
667939
668487
668486
668485
667949
667948
667947
667946
667945
667944
667943
667942
668492
668491
668490
668489
668488
669326
796031
668556
668554
668553
668549
668543
668542
668511
668510
668509
668508
668507
668506
668505
668504
668503
668502
668501
668500
668565
668564
668562
668561
668560
668559
668558
668557
668571
668568
668567
668573
666520
666519
666528
666527
666526
666525
666524
666523
666522
666521
666542
666541
666540
666539
666538
666537
666536
666535
666534
666533
666532
666531
666530
666529
668447
668446
668453
668452
668451
668450
668449
668448
668455
668454
668463
668462
668461
668460
668459
668458
668457
668476
668475
668474
668473
668472
668470
668469
668468
668467
668466
668465
617420
664404
664409
664408
664407
664406
664405
665751
665750
665749
665755
665754
665753
665752
665715
665767
665766
665765
665764
665763
665762
665761
665760
665759
665758
665757
665756
668312
668310
665770
665769
665768
668334
668332
668331
668329
668328
668327
668326
668324
668323
668320
668319
668318
668317
668316
668315
668352
668351
668350
668349
668348
668346
668343
668341
668339
668338
668336
664384
664396
664395
664394
664393
664392
664391
664390
664389
664388
664387
664386
664385
665127
665126
665125
665124
665123
665122
665121
665120
665119
665118
665116
665115
665114
665113
665112
665130
665129
665128
665132
665131
667994
667992
667990
667984
667979
667975
667970
667967
667966
667965
667964
667961
667911
667910
667909
667908
667907
667906
668033
668032
668031
667998
668036
668039
668038
668037
668051
668050
668049
668048
668046
668045
668044
668043
668042
668041
617017
662091
662090
662089
662092
662108
662107
662106
662105
662104
662103
662102
662101
662100
662099
662098
662097
662096
662095
662094
662093
667617
667616
667613
667612
662121
662120
662119
662118
662117
662116
662115
662114
662113
662112
662111
662110
662109
667636
667634
667633
667631
667630
667629
667628
667627
667620
667638
667640
667654
667652
667651
662123
662124
662125
662126
662128
662127
662129
662138
662137
662136
662135
662134
662133
662132
662131
662130
664893
664889
664888
664887
664886
664885
664884
664879
664877
663147
662141
662140
662139
664906
664905
664904
664903
664898
664914
664913
661397
4000933
661399
661398
661400
661401
663702
661402
661406
661405
661404
661403
661408
661407
661409
661413
661412
661411
661410
661415
661414
663781
663780
663779
663778
663777
663776
663775
663774
663772
661418
661417
661416
663793
663791
663790
663789
663787
663785
663784
663783
663782
663804
663803
663802
663801
663800
663799
663798
663797
663796
663795
663788
616591
616590
616589
616588
616587
661379
661381
661380
661382
661383
661385
661384
664257
662597
661395
661394
661393
661392
661391
661390
661389
661388
661387
661386
664277
664286
664284
664283
664281
664280
664278
664306
664304
664300
664299
664296
664294
664290
664288
658985
658989
658990
658991
658992
660826
660825
660824
660994
660828
660827
660997
660996
660995
661000
660999
660998
661007
661006
661005
661004
661003
661002
661001
660052
660140
660139
660137
660136
660135
660134
660058
660057
660055
660165
660164
660163
660162
660161
660159
660158
660157
660156
660153
660150
660144
658980
660039
658993
658688
660799
660800
660803
660802
660801
660804
660805
660806
660812
660811
660810
660809
660808
660807
660815
660814
660813
660817
660816
660819
660818
660821
660820
660823
660822
659997
659991
659998
660009
660006
660005
660003
660002
660001
660000
659999
660030
660029
660028
660027
660026
660025
660024
660023
660021
660019
660018
660017
616771
616770
617013
617014
658703
658704
658707
658706
658705
658708
658709
658712
658711
658710
658715
658714
658713
658958
658954
658945
658944
658718
658717
658716
658964
658960
659850
659847
659846
659845
659844
658969
659894
659893
659892
659891
659890
659889
659888
659887
659885
659883
659880
659879
659876
659871
659870
659866
659864
659861
659860
659859
659856
659855
659854
659853
659851
In batch: 1222
Total: 1222
2024-03-08 15:25:02---End logging NON-RECORDED---
2024-03-08 15:26:38---Start logging NON-RECORDED---
658634
658652
658650
658661
658659
658657
658670
658669
658995
658686
658685
658684
658683
658672
658696
658687
659621
659620
659619
659618
658701
658700
658699
658698
658697
658695
658694
658693
658692
658691
658690
658689
659646
659645
659644
659643
659640
659638
659637
659636
659634
659625
659624
659622
659677
659676
659674
659673
659672
659671
659669
659668
659667
659666
659663
659660
659657
659656
657246
657248
657271
657265
657273
657298
657296
657295
657280
657276
657301
657300
657299
657302
657309
657307
657306
657305
657304
657303
657356
657351
657345
657340
657368
657366
657365
657364
657357
659456
659455
658433
658121
658106
657945
657308
656448
656376
659502
659500
659499
659495
659494
659492
659485
659483
659482
659480
659479
659478
659477
659475
659466
659516
659514
659508
659655
659651
659507
659505
659504
659503
658804
658360
658805
658806
658808
658811
658809
658827
658825
658823
658822
658820
658818
658814
658813
658839
658838
658836
658835
658833
658832
658848
658846
658858
658857
658856
658855
658854
658853
658852
658851
656351
652929
656362
656361
656360
656358
656357
656355
656353
656370
656369
656368
656367
656366
656365
654016
654020
654022
654021
654028
654027
654026
654025
654024
654255
654252
654245
654242
654239
654033
654032
654031
654030
654029
657426
656084
655973
654272
654265
654261
658344
658343
658342
658349
658347
658346
658345
658401
656364
656453
656452
656425
656424
656422
656420
656418
656381
656380
656379
656378
656377
656375
656374
656373
656372
656371
658396
658393
658391
658387
658385
658383
658380
658378
658377
658356
658352
658350
658425
658424
658422
658420
652741
652740
652736
652743
652750
652749
652748
652751
652755
652752
652779
652776
652780
652791
652788
652785
652783
652782
652806
652804
652803
652799
652797
652794
652792
652667
652666
652665
652664
652663
652662
652660
652658
652631
652630
652626
651381
651379
651382
651383
651390
651388
651385
651404
651408
651407
651406
651405
651410
651409
651413
651412
651411
651415
651414
656323
652179
652178
652177
652684
652682
652680
656538
652176
652113
651416
652214
652351
652350
652348
652347
652215
632881
650886
650922
650918
650915
650912
650909
650927
650890
650943
650941
650935
650976
650973
650972
650970
650962
650960
650959
650957
650954
650988
650987
650985
650984
650981
650978
651044
651035
651095
651094
650274
650275
650333
650331
650326
650325
650338
650344
650277
650396
650394
650382
650381
650467
650465
650464
650463
650454
650433
650009
650126
650123
650122
650116
651052
651105
651104
651103
651098
651097
650115
650114
650112
650010
650131
650130
650132
649021
649323
649322
649027
649697
649706
642287
643277
643340
643272
643270
643268
643267
643266
649998
643262
In batch: 389
Total: 1611
2024-03-08 17:05:51---End logging NON-RECORDED---
2024-03-08 18:14:31---Start logging NON-RECORDED---
619249
616044
616139
614864
614874
614870
614868
614867
614877
614876
614875
614855
614852
614849
614863
616106
616108
616107
616110
615410
616109
616105
616103
629425
629423
629421
614880
614879
614878
616100
615412
616111
616102
605490
605487
278850
278849
In batch: 37
Total: 1648
2024-03-08 21:37:36---End logging NON-RECORDED---
2024-03-08 23:26:35---Start logging NON-RECORDED---
In batch: 0
Total: 1648
2024-03-09 02:25:33---End logging NON-RECORDED---
2024-03-09 13:30:19---Start logging NON-RECORDED---
In batch: 0
Total: 1648
2024-03-09 14:35:24---End logging NON-RECORDED---
2024-03-09 14:52:03---Start logging NON-RECORDED---
In batch: 0
Total: 1648
2024-03-09 21:14:41---End logging NON-RECORDED---
