2024-03-31 01:46:20 [scrapy.utils.log] INFO: Scrapy 2.11.0 started (bot: un_votes_updater)
2024-03-31 01:46:20 [scrapy.utils.log] INFO: Versions: lxml 5.1.0.0, libxml2 2.12.3, cssselect 1.2.0, parsel 1.8.1, w3lib 2.1.2, Twisted 22.10.0, Python 3.11.2 (main, Mar 13 2023, 12:18:29) [GCC 12.2.0], pyOpenSSL 24.0.0 (OpenSSL 3.2.1 30 Jan 2024), cryptography 42.0.2, Platform Linux-6.1.0-18-amd64-x86_64-with-glibc2.36
2024-03-31 01:46:20 [scrapy.addons] INFO: Enabled addons:
[]
2024-03-31 01:46:20 [asyncio] DEBUG: Using selector: EpollSelector
2024-03-31 01:46:20 [scrapy.utils.log] DEBUG: Using reactor: twisted.internet.asyncioreactor.AsyncioSelectorReactor
2024-03-31 01:46:20 [scrapy.utils.log] DEBUG: Using asyncio event loop: asyncio.unix_events._UnixSelectorEventLoop
2024-03-31 01:46:20 [scrapy.extensions.telnet] INFO: Telnet Password: cc6ca934b4f798c4
2024-03-31 01:46:20 [scrapy.middleware] INFO: Enabled extensions:
['scrapy.extensions.corestats.CoreStats',
 'scrapy.extensions.telnet.TelnetConsole',
 'scrapy.extensions.memusage.MemoryUsage',
 'scrapy.extensions.logstats.LogStats',
 'scrapy.extensions.throttle.AutoThrottle']
2024-03-31 01:46:20 [scrapy.crawler] INFO: Overridden settings:
{'AUTOTHROTTLE_ENABLED': True,
 'AUTOTHROTTLE_MAX_DELAY': 20,
 'BOT_NAME': 'un_votes_updater',
 'CONCURRENT_REQUESTS': 1,
 'COOKIES_ENABLED': False,
 'FEED_EXPORT_ENCODING': 'utf-8',
 'LOG_ENABLED': False,
 'LOG_FILE': './logs/scrapy.log',
 'NEWSPIDER_MODULE': 'un_votes_updater.spiders',
 'REQUEST_FINGERPRINTER_IMPLEMENTATION': '2.7',
 'SPIDER_MODULES': ['un_votes_updater.spiders'],
 'TWISTED_REACTOR': 'twisted.internet.asyncioreactor.AsyncioSelectorReactor'}
2024-03-31 01:46:20 [scrapy_user_agents.user_agent_picker] WARNING: [UnsupportedBrowserType] Family: Android
2024-03-31 01:46:20 [scrapy_user_agents.user_agent_picker] WARNING: [UnsupportedDeviceType] Family: Other, Brand: None, Model: None
2024-03-31 01:46:21 [scrapy_user_agents.user_agent_picker] WARNING: [UnsupportedDeviceType] Family: Other, Brand: None, Model: None
2024-03-31 01:46:21 [scrapy_user_agents.user_agent_picker] WARNING: [UnsupportedDeviceType] Family: Other, Brand: None, Model: None
2024-03-31 01:46:21 [scrapy_user_agents.user_agent_picker] WARNING: [UnsupportedDeviceType] Family: Sony BDV13, Brand: Sony, Model: BDV13
2024-03-31 01:46:21 [scrapy_user_agents.user_agent_picker] WARNING: [UnsupportedDeviceType] Family: Nintendo DSi, Brand: Nintendo, Model: DSi
2024-03-31 01:46:21 [scrapy_user_agents.user_agent_picker] WARNING: [UnsupportedDeviceType] Family: Other, Brand: None, Model: None
2024-03-31 01:46:21 [scrapy_user_agents.user_agent_picker] WARNING: [UnsupportedBrowserType] Family: Other
2024-03-31 01:46:21 [scrapy_user_agents.user_agent_picker] WARNING: [UnsupportedDeviceType] Family: LYF F90M, Brand: LYF, Model: F90M
2024-03-31 01:46:21 [scrapy_user_agents.user_agent_picker] WARNING: [UnsupportedDeviceType] Family: Sony BDV14, Brand: Sony, Model: BDV14
2024-03-31 01:46:21 [scrapy_user_agents.user_agent_picker] WARNING: [UnsupportedDeviceType] Family: LG Web0S SmartTV, Brand: LG, Model: Web0S SmartTV
2024-03-31 01:46:21 [scrapy_user_agents.user_agent_picker] WARNING: [UnsupportedDeviceType] Family: Other, Brand: None, Model: None
2024-03-31 01:46:21 [scrapy_user_agents.user_agent_picker] WARNING: [UnsupportedDeviceType] Family: Other, Brand: None, Model: None
2024-03-31 01:46:21 [scrapy_user_agents.user_agent_picker] WARNING: [UnsupportedDeviceType] Family: Other, Brand: None, Model: None
2024-03-31 01:46:21 [scrapy_user_agents.user_agent_picker] WARNING: [UnsupportedDeviceType] Family: Other, Brand: None, Model: None
2024-03-31 01:46:21 [scrapy_user_agents.user_agent_picker] WARNING: [UnsupportedDeviceType] Family: Other, Brand: None, Model: None
2024-03-31 01:46:21 [scrapy_user_agents.user_agent_picker] WARNING: [UnsupportedDeviceType] Family: Other, Brand: None, Model: None
2024-03-31 01:46:21 [scrapy_user_agents.user_agent_picker] WARNING: [UnsupportedDeviceType] Family: Other, Brand: None, Model: None
2024-03-31 01:46:21 [scrapy_user_agents.user_agent_picker] WARNING: [UnsupportedDeviceType] Family: Sony BDV11, Brand: Sony, Model: BDV11
2024-03-31 01:46:21 [scrapy_user_agents.user_agent_picker] WARNING: [UnsupportedDeviceType] Family: Other, Brand: None, Model: None
2024-03-31 01:46:21 [scrapy_user_agents.user_agent_picker] WARNING: [UnsupportedDeviceType] Family: Other, Brand: None, Model: None
2024-03-31 01:46:21 [scrapy_user_agents.user_agent_picker] WARNING: [UnsupportedDeviceType] Family: Other, Brand: None, Model: None
2024-03-31 01:46:21 [scrapy_user_agents.user_agent_picker] WARNING: [UnsupportedDeviceType] Family: Other, Brand: None, Model: None
2024-03-31 01:46:21 [scrapy_user_agents.user_agent_picker] WARNING: [UnsupportedDeviceType] Family: Nintendo DSi, Brand: Nintendo, Model: DSi
2024-03-31 01:46:22 [scrapy_user_agents.user_agent_picker] WARNING: [UnsupportedDeviceType] Family: LYF LF-2403N, Brand: LYF, Model: LF-2403N
2024-03-31 01:46:22 [scrapy_user_agents.user_agent_picker] WARNING: [UnsupportedDeviceType] Family: LYF F90M, Brand: LYF, Model: F90M
2024-03-31 01:46:22 [scrapy_user_agents.user_agent_picker] WARNING: [UnsupportedDeviceType] Family: Other, Brand: None, Model: None
2024-03-31 01:46:22 [scrapy_user_agents.user_agent_picker] WARNING: [UnsupportedDeviceType] Family: Other, Brand: None, Model: None
2024-03-31 01:46:22 [scrapy_user_agents.user_agent_picker] WARNING: [UnsupportedBrowserType] Family: Applebot
2024-03-31 01:46:22 [scrapy_user_agents.user_agent_picker] WARNING: [UnsupportedDeviceType] Family: Other, Brand: None, Model: None
2024-03-31 01:46:22 [scrapy_user_agents.user_agent_picker] WARNING: [UnsupportedBrowserType] Family: Applebot
2024-03-31 01:46:22 [scrapy_user_agents.user_agent_picker] WARNING: [UnsupportedBrowserType] Family: Other
2024-03-31 01:46:22 [scrapy_user_agents.user_agent_picker] WARNING: [UnsupportedBrowserType] Family: Other
2024-03-31 01:46:22 [scrapy_user_agents.user_agent_picker] WARNING: [UnsupportedBrowserType] Family: PhantomJS
2024-03-31 01:46:22 [scrapy_user_agents.user_agent_picker] WARNING: [UnsupportedBrowserType] Family: SMTBot
2024-03-31 01:46:22 [scrapy_user_agents.user_agent_picker] WARNING: [UnsupportedBrowserType] Family: PhantomJS
2024-03-31 01:46:22 [scrapy_user_agents.user_agent_picker] WARNING: [UnsupportedBrowserType] Family: PhantomJS
2024-03-31 01:46:22 [scrapy_user_agents.user_agent_picker] WARNING: [UnsupportedBrowserType] Family: WebKit Nightly
2024-03-31 01:46:23 [scrapy_user_agents.user_agent_picker] WARNING: [UnsupportedBrowserType] Family: PhantomJS
2024-03-31 01:46:23 [scrapy_user_agents.user_agent_picker] WARNING: [UnsupportedDeviceType] Family: Other, Brand: None, Model: None
2024-03-31 01:46:23 [scrapy_user_agents.user_agent_picker] WARNING: [UnsupportedBrowserType] Family: PhantomJS
2024-03-31 01:46:23 [scrapy_user_agents.user_agent_picker] WARNING: [UnsupportedBrowserType] Family: PhantomJS
2024-03-31 01:46:23 [scrapy_user_agents.user_agent_picker] WARNING: [UnsupportedBrowserType] Family: Robot
2024-03-31 01:46:23 [scrapy_user_agents.user_agent_picker] WARNING: [UnsupportedDeviceType] Family: Other, Brand: None, Model: None
2024-03-31 01:46:23 [scrapy_user_agents.user_agent_picker] WARNING: [UnsupportedBrowserType] Family: Zune
2024-03-31 01:46:23 [scrapy.middleware] INFO: Enabled downloader middlewares:
['scrapy.downloadermiddlewares.httpauth.HttpAuthMiddleware',
 'scrapy.downloadermiddlewares.downloadtimeout.DownloadTimeoutMiddleware',
 'scrapy.downloadermiddlewares.defaultheaders.DefaultHeadersMiddleware',
 'scrapy_user_agents.middlewares.RandomUserAgentMiddleware',
 'scrapy.downloadermiddlewares.retry.RetryMiddleware',
 'scrapy.downloadermiddlewares.redirect.MetaRefreshMiddleware',
 'scrapy.downloadermiddlewares.httpcompression.HttpCompressionMiddleware',
 'scrapy.downloadermiddlewares.redirect.RedirectMiddleware',
 'scrapy.downloadermiddlewares.httpproxy.HttpProxyMiddleware',
 'scrapy.downloadermiddlewares.stats.DownloaderStats']
2024-03-31 01:46:23 [scrapy.middleware] INFO: Enabled spider middlewares:
['scrapy.spidermiddlewares.httperror.HttpErrorMiddleware',
 'scrapy.spidermiddlewares.offsite.OffsiteMiddleware',
 'scrapy.spidermiddlewares.referer.RefererMiddleware',
 'scrapy.spidermiddlewares.urllength.UrlLengthMiddleware',
 'scrapy.spidermiddlewares.depth.DepthMiddleware']
2024-03-31 01:46:23 [psycopg.pq] DEBUG: couldn't import psycopg 'c' implementation: No module named 'psycopg_c'
2024-03-31 01:46:23 [psycopg.pq] DEBUG: couldn't import psycopg 'binary' implementation: No module named 'psycopg_binary'
2024-03-31 01:46:23 [scrapy.middleware] INFO: Enabled item pipelines:
['un_votes_updater.pipelines.DatabasePipeline']
2024-03-31 01:46:23 [scrapy.core.engine] INFO: Spider opened
2024-03-31 01:46:23 [scrapy.extensions.logstats] INFO: Crawled 0 pages (at 0 pages/min), scraped 0 items (at 0 items/min)
2024-03-31 01:46:23 [scrapy.extensions.telnet] INFO: Telnet console listening on 127.0.0.1:6023
2024-03-31 01:46:23 [scrapy_user_agents.middlewares] DEBUG: Assigned User-Agent Mozilla/5.0 (Windows NT 6.1; Win64; x64) AppleWebKit/537.36 (KHTML, like Gecko) Chrome/55.0.2883.87 Safari/537.36
2024-03-31 01:46:24 [scrapy.core.engine] DEBUG: Crawled (200) <GET https://digitallibrary.un.org/search?ln=en&cc=Voting%20Data&p=&f=&rm=&sf=year&so=a&rg=100&c=Voting%20Data&c=&of=hb&fti=0&fct__9=Vote&fct__3=2025&fti=0> (referer: None)
2024-03-31 01:46:24 [scrapy_user_agents.middlewares] DEBUG: Assigned User-Agent Mozilla/5.0 (Windows NT 6.1; Win64; x64) AppleWebKit/537.36 (KHTML, like Gecko) Chrome/56.0.2924.87 Safari/537.36
2024-03-31 01:46:30 [scrapy.core.engine] DEBUG: Crawled (200) <GET https://digitallibrary.un.org/search?ln=en&cc=Voting%20Data&p=&f=&rm=&sf=year&so=a&rg=100&c=Voting%20Data&c=&of=hb&fti=0&fct__9=Vote&fct__3=2024&fti=0> (referer: None)
2024-03-31 01:46:30 [scrapy_user_agents.middlewares] DEBUG: Assigned User-Agent Mozilla/5.0 (Windows NT 5.1; Win64; x64) AppleWebKit/537.36 (KHTML, like Gecko) Chrome/54.0.2840.99 Safari/537.36
2024-03-31 01:46:36 [scrapy.core.engine] DEBUG: Crawled (200) <GET https://digitallibrary.un.org/search?ln=en&cc=Voting%20Data&p=&f=&rm=&sf=year&so=a&rg=100&c=Voting%20Data&c=&of=hb&fti=0&fct__9=Vote&fct__3=2023&fti=0> (referer: None)
2024-03-31 01:46:36 [scrapy_user_agents.middlewares] DEBUG: Assigned User-Agent Mozilla/5.0 (Windows NT 6.1; WOW64) AppleWebKit/537.36 (KHTML, like Gecko) Chrome/50.0.2661.94 Safari/537.36
2024-03-31 01:46:38 [scrapy.core.engine] DEBUG: Crawled (200) <GET https://digitallibrary.un.org/record/4042188?ln=en> (referer: https://digitallibrary.un.org/search?ln=en&cc=Voting%20Data&p=&f=&rm=&sf=year&so=a&rg=100&c=Voting%20Data&c=&of=hb&fti=0&fct__9=Vote&fct__3=2024&fti=0)
2024-03-31 01:46:38 [scrapy_user_agents.middlewares] DEBUG: Assigned User-Agent Mozilla/5.0 (Windows NT 10.0; WOW64) AppleWebKit/537.36 (KHTML, like Gecko) Chrome/46.0.2490.71 Safari/537.36
2024-03-31 01:46:38 [scrapy.core.scraper] DEBUG: Scraped from <200 https://digitallibrary.un.org/record/4042188?ln=en>
{'agenda': ['S/79 [53] TERRITORIES OCCUPIED BY ISRAEL',
            'S/79 [54] MIDDLE EAST SITUATION',
            'S/79 [50] PALESTINE QUESTION',
            'S/ X The situation in the Middle East, including the Palestinian '
            'question.'],
 'agenda_id': ['5471'],
 'committee_report': ['N/A'],
 'committee_report_id': ['1'],
 'country_id': ['11'],
 'id_record': ['4042188'],
 'meeting_record': ['S/PV.9586'],
 'meeting_record_id': ['4160'],
 'resolution_symbol': ['S/RES/2728(2024)'],
 'subject_id': ['1'],
 'title': ['Security Council resolution 2728 (2024) [on ceasefire in the Gaza '
           'Strip during Ramadan]'],
 'title_id': ['5758'],
 'vote': ['Y ALGERIA',
          ' Y CHINA',
          ' Y ECUADOR',
          ' Y FRANCE',
          ' Y GUYANA',
          ' Y JAPAN',
          ' Y MALTA',
          ' Y MOZAMBIQUE',
          ' Y REPUBLIC OF KOREA',
          ' Y RUSSIAN FEDERATION',
          ' Y SIERRA LEONE',
          ' Y SLOVENIA',
          ' Y SWITZERLAND',
          ' Y UNITED KINGDOM',
          ' A UNITED STATES'],
 'vote_date': ['2024-03-25']}
2024-03-31 01:46:43 [scrapy.core.engine] DEBUG: Crawled (200) <GET https://digitallibrary.un.org/search?c=Voting+Data&jrec=101&cc=Voting+Data&ln=en&rg=100&so=a&fct__3=2023&fct__9=Vote&sf=year> (referer: https://digitallibrary.un.org/search?ln=en&cc=Voting%20Data&p=&f=&rm=&sf=year&so=a&rg=100&c=Voting%20Data&c=&of=hb&fti=0&fct__9=Vote&fct__3=2023&fti=0)
2024-03-31 01:46:43 [scrapy_user_agents.middlewares] DEBUG: Assigned User-Agent Mozilla/5.0 (Windows NT 6.1; WOW64) AppleWebKit/537.36 (KHTML, like Gecko) Chrome/48.0.2564.109 Safari/537.36
2024-03-31 01:46:44 [scrapy.core.engine] DEBUG: Crawled (200) <GET https://digitallibrary.un.org/record/4040686?ln=en> (referer: https://digitallibrary.un.org/search?ln=en&cc=Voting%20Data&p=&f=&rm=&sf=year&so=a&rg=100&c=Voting%20Data&c=&of=hb&fti=0&fct__9=Vote&fct__3=2024&fti=0)
2024-03-31 01:46:44 [scrapy_user_agents.middlewares] DEBUG: Assigned User-Agent Mozilla/5.0 (Windows NT 6.1; WOW64) AppleWebKit/537.36 (KHTML, like Gecko) Chrome/65.0.3325.181 Safari/537.36
2024-03-31 01:46:45 [scrapy.core.scraper] DEBUG: Scraped from <200 https://digitallibrary.un.org/record/4040686?ln=en>
{'agenda': ['A/78/251 14 Culture of peace. PEACE'],
 'agenda_id': ['5727'],
 'committee_report': ['N/A'],
 'committee_report_id': ['1'],
 'country_id': ['183'],
 'id_record': ['4040686'],
 'meeting_record': ['A/78/PV.62'],
 'meeting_record_id': ['4161'],
 'resolution_symbol': ['A/RES/78/264'],
 'subject_id': ['574'],
 'title': ['Measures to combat Islamophobia : resolution / adopted by the '
           'General Assembly'],
 'title_id': ['5759'],
 'vote': [' AFGHANISTAN',
          ' Y ALBANIA',
          ' Y ALGERIA',
          ' A ANDORRA',
          '  ANGOLA',
          '  ANTIGUA AND BARBUDA',
          ' A ARGENTINA',
          ' A ARMENIA',
          ' Y AUSTRALIA',
          ' A AUSTRIA',
          ' Y AZERBAIJAN',
          ' Y BAHAMAS',
          ' Y BAHRAIN',
          ' Y BANGLADESH',
          '  BARBADOS',
          ' Y BELARUS',
          ' A BELGIUM',
          '  BELIZE',
          '  BENIN',
          ' Y BHUTAN',
          ' Y BOLIVIA (PLURINATIONAL STATE OF)',
          ' Y BOSNIA AND HERZEGOVINA',
          '  BOTSWANA',
          ' A BRAZIL',
          ' Y BRUNEI DARUSSALAM',
          ' A BULGARIA',
          ' Y BURKINA FASO',
          ' Y BURUNDI',
          ' Y CABO VERDE',
          ' Y CAMBODIA',
          ' Y CAMEROON',
          ' Y CANADA',
          '  CENTRAL AFRICAN REPUBLIC',
          ' Y CHAD',
          ' Y CHILE',
          ' Y CHINA',
          ' Y COLOMBIA',
          ' Y COMOROS',
          '  CONGO',
          ' Y COSTA RICA',
          " Y COTE D'IVOIRE",
          ' A CROATIA',
          ' Y CUBA',
          ' A CYPRUS',
          ' A CZECHIA',
          " Y DEMOCRATIC PEOPLE'S REPUBLIC OF KOREA",
          ' Y DEMOCRATIC REPUBLIC OF THE CONGO',
          ' A DENMARK',
          ' Y DJIBOUTI',
          '  DOMINICA',
          ' Y DOMINICAN REPUBLIC',
          '  ECUADOR',
          ' Y EGYPT',
          ' Y EL SALVADOR',
          ' Y EQUATORIAL GUINEA',
          ' Y ERITREA',
          ' A ESTONIA',
          '  ESWATINI',
          ' Y ETHIOPIA',
          '  FIJI',
          ' A FINLAND',
          ' A FRANCE',
          ' Y GABON',
          ' Y GAMBIA',
          ' A GEORGIA',
          ' A GERMANY',
          ' Y GHANA',
          ' A GREECE',
          '  GRENADA',
          ' Y GUATEMALA',
          ' Y GUINEA',
          ' Y GUINEA-BISSAU',
          ' Y GUYANA',
          '  HAITI',
          ' Y HONDURAS',
          ' A HUNGARY',
          ' Y ICELAND',
          ' A INDIA',
          ' Y INDONESIA',
          ' Y IRAN (ISLAMIC REPUBLIC OF)',
          ' Y IRAQ',
          ' A IRELAND',
          '  ISRAEL',
          ' A ITALY',
          ' Y JAMAICA',
          ' Y JAPAN',
          ' Y JORDAN',
          ' Y KAZAKHSTAN',
          '  KENYA',
          '  KIRIBATI',
          ' Y KUWAIT',
          ' Y KYRGYZSTAN',
          " Y LAO PEOPLE'S DEMOCRATIC REPUBLIC",
          ' A LATVIA',
          ' Y LEBANON',
          '  LESOTHO',
          '  LIBERIA',
          ' Y LIBYA',
          ' A LIECHTENSTEIN',
          ' A LITHUANIA',
          ' A LUXEMBOURG',
          ' Y MADAGASCAR',
          '  MALAWI',
          ' Y MALAYSIA',
          ' Y MALDIVES',
          ' Y MALI',
          ' A MALTA',
          '  MARSHALL ISLANDS',
          ' Y MAURITANIA',
          '  MAURITIUS',
          ' Y MEXICO',
          ' Y MICRONESIA (FEDERATED STATES OF)',
          ' A MONACO',
          ' Y MONGOLIA',
          ' A MONTENEGRO',
          ' Y MOROCCO',
          ' Y MOZAMBIQUE',
          ' Y MYANMAR',
          ' Y NAMIBIA',
          '  NAURU',
          ' Y NEPAL',
          ' A NETHERLANDS (KINGDOM OF THE)',
          ' Y NEW ZEALAND',
          ' Y NICARAGUA',
          ' Y NIGER',
          ' Y NIGERIA',
          ' Y NORTH MACEDONIA',
          ' Y NORWAY',
          ' Y OMAN',
          ' Y PAKISTAN',
          ' Y PALAU',
          ' Y PANAMA',
          ' Y PAPUA NEW GUINEA',
          ' A PARAGUAY',
          ' Y PERU',
          ' Y PHILIPPINES',
          ' A POLAND',
          ' A PORTUGAL',
          ' Y QATAR',
          ' A REPUBLIC OF KOREA',
          ' A REPUBLIC OF MOLDOVA',
          ' A ROMANIA',
          ' Y RUSSIAN FEDERATION',
          ' Y RWANDA',
          '  SAINT KITTS AND NEVIS',
          ' Y SAINT LUCIA',
          ' Y SAINT VINCENT AND THE GRENADINES',
          ' Y SAMOA',
          ' A SAN MARINO',
          '  SAO TOME AND PRINCIPE',
          ' Y SAUDI ARABIA',
          ' Y SENEGAL',
          ' Y SERBIA',
          '  SEYCHELLES',
          ' Y SIERRA LEONE',
          ' Y SINGAPORE',
          ' A SLOVAKIA',
          ' A SLOVENIA',
          '  SOLOMON ISLANDS',
          ' Y SOMALIA',
          ' Y SOUTH AFRICA',
          ' A SOUTH SUDAN',
          ' A SPAIN',
          ' Y SRI LANKA',
          ' Y SUDAN',
          ' Y SURINAME',
          ' A SWEDEN',
          ' A SWITZERLAND',
          ' Y SYRIAN ARAB REPUBLIC',
          ' Y TAJIKISTAN',
          ' Y THAILAND',
          '  TIMOR-LESTE',
          ' Y TOGO',
          '  TONGA',
          ' Y TRINIDAD AND TOBAGO',
          ' Y TUNISIA',
          ' Y TURKMENISTAN',
          '  TUVALU',
          ' Y TÜRKİYE',
          ' Y UGANDA',
          ' A UKRAINE',
          ' Y UNITED ARAB EMIRATES',
          ' A UNITED KINGDOM',
          ' Y UNITED REPUBLIC OF TANZANIA',
          ' Y UNITED STATES',
          ' Y URUGUAY',
          ' Y UZBEKISTAN',
          '  VANUATU',
          '  VENEZUELA (BOLIVARIAN REPUBLIC OF)',
          ' Y VIET NAM',
          ' Y YEMEN',
          '  ZAMBIA',
          ' Y ZIMBABWE'],
 'vote_date': ['2024-03-15']}
2024-03-31 01:46:47 [scrapy.core.engine] DEBUG: Crawled (200) <GET https://digitallibrary.un.org/record/4041097?ln=en> (referer: https://digitallibrary.un.org/search?ln=en&cc=Voting%20Data&p=&f=&rm=&sf=year&so=a&rg=100&c=Voting%20Data&c=&of=hb&fti=0&fct__9=Vote&fct__3=2024&fti=0)
2024-03-31 01:46:47 [scrapy_user_agents.middlewares] DEBUG: Assigned User-Agent Mozilla/5.0 (Windows NT 10.0; WOW64) AppleWebKit/537.36 (KHTML, like Gecko) Chrome/52.0.2743.82 Safari/537.36
2024-03-31 01:46:47 [scrapy.core.scraper] DEBUG: Scraped from <200 https://digitallibrary.un.org/record/4041097?ln=en>
{'agenda': ['S/79 [46] AFGHANISTAN SITUATION',
            'S/79 [47] UN ASSISTANCE MISSION IN AFGHANISTAN',
            'S/ X The situation in Afghanistan.'],
 'agenda_id': ['5460'],
 'committee_report': ['N/A'],
 'committee_report_id': ['1'],
 'country_id': ['11'],
 'id_record': ['4041097'],
 'meeting_record': ['S/PV.9577'],
 'meeting_record_id': ['4162'],
 'resolution_symbol': ['S/RES/2727(2024)'],
 'subject_id': ['1'],
 'title': ['Security Council resolution 2727 (2024) [on extension of the '
           'mandate of the UN Assistance Mission in Afghanistan (UNAMA) until '
           '17 Mar. 2025]'],
 'title_id': ['5760'],
 'vote': ['Y ALGERIA',
          ' Y CHINA',
          ' Y ECUADOR',
          ' Y FRANCE',
          ' Y GUYANA',
          ' Y JAPAN',
          ' Y MALTA',
          ' Y MOZAMBIQUE',
          ' Y REPUBLIC OF KOREA',
          ' Y RUSSIAN FEDERATION',
          ' Y SIERRA LEONE',
          ' Y SLOVENIA',
          ' Y SWITZERLAND',
          ' Y UNITED KINGDOM',
          ' Y UNITED STATES'],
 'vote_date': ['2024-03-15']}
2024-03-31 01:46:48 [scrapy.core.engine] DEBUG: Crawled (200) <GET https://digitallibrary.un.org/record/4040914?ln=en> (referer: https://digitallibrary.un.org/search?ln=en&cc=Voting%20Data&p=&f=&rm=&sf=year&so=a&rg=100&c=Voting%20Data&c=&of=hb&fti=0&fct__9=Vote&fct__3=2024&fti=0)
2024-03-31 01:46:48 [scrapy_user_agents.middlewares] DEBUG: Assigned User-Agent Mozilla/5.0 (Windows NT 6.1; WOW64) AppleWebKit/537.36 (KHTML, like Gecko) Chrome/49.0.2623.110 Safari/537.36
2024-03-31 01:46:48 [scrapy.core.scraper] DEBUG: Scraped from <200 https://digitallibrary.un.org/record/4040914?ln=en>
{'agenda': ['S/79 [216] UN MISSION IN SOUTH SUDAN',
            'S/79 [223] SOUTH SUDAN--POLITICAL CONDITIONS',
            'S/ X Reports of the Secretary-General on the Sudan and South '
            'Sudan.'],
 'agenda_id': ['5582'],
 'committee_report': ['N/A'],
 'committee_report_id': ['1'],
 'country_id': ['11'],
 'id_record': ['4040914'],
 'meeting_record': ['S/PV.9575'],
 'meeting_record_id': ['4163'],
 'resolution_symbol': ['S/RES/2726(2024)'],
 'subject_id': ['1'],
 'title': ['Security Council resolution 2726 (2024) [on extension of the '
           'mandate of the UN Mission in South Sudan (UNMISS) until 30 Apr. '
           '2024]'],
 'title_id': ['5761'],
 'vote': ['Y ALGERIA',
          ' Y CHINA',
          ' Y ECUADOR',
          ' Y FRANCE',
          ' Y GUYANA',
          ' Y JAPAN',
          ' Y MALTA',
          ' Y MOZAMBIQUE',
          ' Y REPUBLIC OF KOREA',
          ' Y RUSSIAN FEDERATION',
          ' Y SIERRA LEONE',
          ' Y SLOVENIA',
          ' Y SWITZERLAND',
          ' Y UNITED KINGDOM',
          ' Y UNITED STATES'],
 'vote_date': ['2024-03-14']}
2024-03-31 01:46:52 [scrapy.core.engine] DEBUG: Crawled (200) <GET https://digitallibrary.un.org/search?ln=en&cc=Voting%20Data&p=&f=&rm=&sf=year&so=a&rg=100&c=Voting%20Data&c=&of=hb&fti=0&fct__9=Vote&fct__3=2022&fti=0> (referer: None)
2024-03-31 01:46:52 [scrapy_user_agents.middlewares] DEBUG: Assigned User-Agent Mozilla/5.0 (Windows NT 10.0; Win64; x64) AppleWebKit/537.36 (KHTML, like Gecko) Chrome/51.0.2704.103 Safari/537.36
2024-03-31 01:46:55 [scrapy.core.engine] DEBUG: Crawled (200) <GET https://digitallibrary.un.org/search?ln=en&cc=Voting%20Data&p=&f=&rm=&sf=year&so=a&rg=100&c=Voting%20Data&c=&of=hb&fti=0&fct__9=Vote&fct__3=2021&fti=0> (referer: None)
2024-03-31 01:46:55 [scrapy_user_agents.middlewares] DEBUG: Assigned User-Agent Mozilla/5.0 (Windows NT 10.0; WOW64) AppleWebKit/537.36 (KHTML, like Gecko) Chrome/46.0.2490.80 Safari/537.36
2024-03-31 01:46:58 [scrapy.core.engine] DEBUG: Crawled (200) <GET https://digitallibrary.un.org/search?c=Voting+Data&jrec=101&cc=Voting+Data&ln=en&rg=100&so=a&fct__3=2022&fct__9=Vote&sf=year> (referer: https://digitallibrary.un.org/search?ln=en&cc=Voting%20Data&p=&f=&rm=&sf=year&so=a&rg=100&c=Voting%20Data&c=&of=hb&fti=0&fct__9=Vote&fct__3=2022&fti=0)
2024-03-31 01:46:58 [scrapy_user_agents.middlewares] DEBUG: Assigned User-Agent Mozilla/5.0 (Windows NT 6.1; Win64; x64) AppleWebKit/537.36 (KHTML, like Gecko) Chrome/61.0.3163.79 Safari/537.36
2024-03-31 01:47:02 [scrapy.core.engine] DEBUG: Crawled (200) <GET https://digitallibrary.un.org/search?c=Voting+Data&jrec=101&cc=Voting+Data&ln=en&rg=100&so=a&fct__3=2021&fct__9=Vote&sf=year> (referer: https://digitallibrary.un.org/search?ln=en&cc=Voting%20Data&p=&f=&rm=&sf=year&so=a&rg=100&c=Voting%20Data&c=&of=hb&fti=0&fct__9=Vote&fct__3=2021&fti=0)
2024-03-31 01:47:02 [scrapy.core.engine] INFO: Closing spider (finished)
2024-03-31 01:47:02 [scrapy.statscollectors] INFO: Dumping Scrapy stats:
{'downloader/request_bytes': 5662,
 'downloader/request_count': 12,
 'downloader/request_method_count/GET': 12,
 'downloader/response_bytes': 250047,
 'downloader/response_count': 12,
 'downloader/response_status_count/200': 12,
 'elapsed_time_seconds': 38.743471,
 'finish_reason': 'finished',
 'finish_time': datetime.datetime(2024, 3, 30, 20, 47, 2, 295779, tzinfo=datetime.timezone.utc),
 'httpcompression/response_bytes': 2888883,
 'httpcompression/response_count': 12,
 'item_scraped_count': 4,
 'log_count/DEBUG': 33,
 'log_count/INFO': 10,
 'log_count/WARNING': 45,
 'memusage/max': 79204352,
 'memusage/startup': 79204352,
 'request_depth_max': 1,
 'response_received_count': 12,
 'scheduler/dequeued': 12,
 'scheduler/dequeued/memory': 12,
 'scheduler/enqueued': 12,
 'scheduler/enqueued/memory': 12,
 'start_time': datetime.datetime(2024, 3, 30, 20, 46, 23, 552308, tzinfo=datetime.timezone.utc)}
2024-03-31 01:47:02 [scrapy.core.engine] INFO: Spider closed (finished)
2024-04-23 12:44:19 [scrapy.utils.log] INFO: Scrapy 2.11.0 started (bot: un_votes_updater)
2024-04-23 12:44:19 [scrapy.utils.log] INFO: Versions: lxml 5.1.0.0, libxml2 2.12.3, cssselect 1.2.0, parsel 1.8.1, w3lib 2.1.2, Twisted 22.10.0, Python 3.11.2 (main, Mar 13 2023, 12:18:29) [GCC 12.2.0], pyOpenSSL 24.0.0 (OpenSSL 3.2.1 30 Jan 2024), cryptography 42.0.2, Platform Linux-6.1.0-20-amd64-x86_64-with-glibc2.36
2024-04-23 12:44:19 [scrapy.addons] INFO: Enabled addons:
[]
2024-04-23 12:44:19 [asyncio] DEBUG: Using selector: EpollSelector
2024-04-23 12:44:19 [scrapy.utils.log] DEBUG: Using reactor: twisted.internet.asyncioreactor.AsyncioSelectorReactor
2024-04-23 12:44:19 [scrapy.utils.log] DEBUG: Using asyncio event loop: asyncio.unix_events._UnixSelectorEventLoop
2024-04-23 12:44:19 [scrapy.extensions.telnet] INFO: Telnet Password: b7ced2eab2e8a2d9
2024-04-23 12:44:19 [scrapy.middleware] INFO: Enabled extensions:
['scrapy.extensions.corestats.CoreStats',
 'scrapy.extensions.telnet.TelnetConsole',
 'scrapy.extensions.memusage.MemoryUsage',
 'scrapy.extensions.logstats.LogStats',
 'scrapy.extensions.throttle.AutoThrottle']
2024-04-23 12:44:19 [scrapy.crawler] INFO: Overridden settings:
{'AUTOTHROTTLE_ENABLED': True,
 'AUTOTHROTTLE_MAX_DELAY': 20,
 'BOT_NAME': 'un_votes_updater',
 'CONCURRENT_REQUESTS': 1,
 'COOKIES_ENABLED': False,
 'FEED_EXPORT_ENCODING': 'utf-8',
 'LOG_ENABLED': False,
 'LOG_FILE': './logs/scrapy.log',
 'NEWSPIDER_MODULE': 'un_votes_updater.spiders',
 'REQUEST_FINGERPRINTER_IMPLEMENTATION': '2.7',
 'SPIDER_MODULES': ['un_votes_updater.spiders'],
 'TWISTED_REACTOR': 'twisted.internet.asyncioreactor.AsyncioSelectorReactor'}
2024-04-23 12:44:20 [scrapy_user_agents.user_agent_picker] WARNING: [UnsupportedBrowserType] Family: Android
2024-04-23 12:44:20 [scrapy_user_agents.user_agent_picker] WARNING: [UnsupportedDeviceType] Family: Other, Brand: None, Model: None
2024-04-23 12:44:20 [scrapy_user_agents.user_agent_picker] WARNING: [UnsupportedDeviceType] Family: Other, Brand: None, Model: None
2024-04-23 12:44:20 [scrapy_user_agents.user_agent_picker] WARNING: [UnsupportedDeviceType] Family: Other, Brand: None, Model: None
2024-04-23 12:44:20 [scrapy_user_agents.user_agent_picker] WARNING: [UnsupportedDeviceType] Family: Sony BDV13, Brand: Sony, Model: BDV13
2024-04-23 12:44:20 [scrapy_user_agents.user_agent_picker] WARNING: [UnsupportedDeviceType] Family: Nintendo DSi, Brand: Nintendo, Model: DSi
2024-04-23 12:44:20 [scrapy_user_agents.user_agent_picker] WARNING: [UnsupportedDeviceType] Family: Other, Brand: None, Model: None
2024-04-23 12:44:20 [scrapy_user_agents.user_agent_picker] WARNING: [UnsupportedBrowserType] Family: Other
2024-04-23 12:44:20 [scrapy_user_agents.user_agent_picker] WARNING: [UnsupportedDeviceType] Family: LYF F90M, Brand: LYF, Model: F90M
2024-04-23 12:44:20 [scrapy_user_agents.user_agent_picker] WARNING: [UnsupportedDeviceType] Family: Sony BDV14, Brand: Sony, Model: BDV14
2024-04-23 12:44:20 [scrapy_user_agents.user_agent_picker] WARNING: [UnsupportedDeviceType] Family: LG Web0S SmartTV, Brand: LG, Model: Web0S SmartTV
2024-04-23 12:44:20 [scrapy_user_agents.user_agent_picker] WARNING: [UnsupportedDeviceType] Family: Other, Brand: None, Model: None
2024-04-23 12:44:21 [scrapy_user_agents.user_agent_picker] WARNING: [UnsupportedDeviceType] Family: Other, Brand: None, Model: None
2024-04-23 12:44:21 [scrapy_user_agents.user_agent_picker] WARNING: [UnsupportedDeviceType] Family: Other, Brand: None, Model: None
2024-04-23 12:44:21 [scrapy_user_agents.user_agent_picker] WARNING: [UnsupportedDeviceType] Family: Other, Brand: None, Model: None
2024-04-23 12:44:21 [scrapy_user_agents.user_agent_picker] WARNING: [UnsupportedDeviceType] Family: Other, Brand: None, Model: None
2024-04-23 12:44:21 [scrapy_user_agents.user_agent_picker] WARNING: [UnsupportedDeviceType] Family: Other, Brand: None, Model: None
2024-04-23 12:44:21 [scrapy_user_agents.user_agent_picker] WARNING: [UnsupportedDeviceType] Family: Other, Brand: None, Model: None
2024-04-23 12:44:21 [scrapy_user_agents.user_agent_picker] WARNING: [UnsupportedDeviceType] Family: Sony BDV11, Brand: Sony, Model: BDV11
2024-04-23 12:44:21 [scrapy_user_agents.user_agent_picker] WARNING: [UnsupportedDeviceType] Family: Other, Brand: None, Model: None
2024-04-23 12:44:21 [scrapy_user_agents.user_agent_picker] WARNING: [UnsupportedDeviceType] Family: Other, Brand: None, Model: None
2024-04-23 12:44:21 [scrapy_user_agents.user_agent_picker] WARNING: [UnsupportedDeviceType] Family: Other, Brand: None, Model: None
2024-04-23 12:44:21 [scrapy_user_agents.user_agent_picker] WARNING: [UnsupportedDeviceType] Family: Other, Brand: None, Model: None
2024-04-23 12:44:21 [scrapy_user_agents.user_agent_picker] WARNING: [UnsupportedDeviceType] Family: Nintendo DSi, Brand: Nintendo, Model: DSi
2024-04-23 12:44:21 [scrapy_user_agents.user_agent_picker] WARNING: [UnsupportedDeviceType] Family: LYF LF-2403N, Brand: LYF, Model: LF-2403N
2024-04-23 12:44:21 [scrapy_user_agents.user_agent_picker] WARNING: [UnsupportedDeviceType] Family: LYF F90M, Brand: LYF, Model: F90M
2024-04-23 12:44:21 [scrapy_user_agents.user_agent_picker] WARNING: [UnsupportedDeviceType] Family: Other, Brand: None, Model: None
2024-04-23 12:44:21 [scrapy_user_agents.user_agent_picker] WARNING: [UnsupportedDeviceType] Family: Other, Brand: None, Model: None
2024-04-23 12:44:21 [scrapy_user_agents.user_agent_picker] WARNING: [UnsupportedBrowserType] Family: Applebot
2024-04-23 12:44:21 [scrapy_user_agents.user_agent_picker] WARNING: [UnsupportedDeviceType] Family: Other, Brand: None, Model: None
2024-04-23 12:44:21 [scrapy_user_agents.user_agent_picker] WARNING: [UnsupportedBrowserType] Family: Applebot
2024-04-23 12:44:21 [scrapy_user_agents.user_agent_picker] WARNING: [UnsupportedBrowserType] Family: Other
2024-04-23 12:44:21 [scrapy_user_agents.user_agent_picker] WARNING: [UnsupportedBrowserType] Family: Other
2024-04-23 12:44:22 [scrapy_user_agents.user_agent_picker] WARNING: [UnsupportedBrowserType] Family: PhantomJS
2024-04-23 12:44:22 [scrapy_user_agents.user_agent_picker] WARNING: [UnsupportedBrowserType] Family: SMTBot
2024-04-23 12:44:22 [scrapy_user_agents.user_agent_picker] WARNING: [UnsupportedBrowserType] Family: PhantomJS
2024-04-23 12:44:22 [scrapy_user_agents.user_agent_picker] WARNING: [UnsupportedBrowserType] Family: PhantomJS
2024-04-23 12:44:22 [scrapy_user_agents.user_agent_picker] WARNING: [UnsupportedBrowserType] Family: WebKit Nightly
2024-04-23 12:44:22 [scrapy_user_agents.user_agent_picker] WARNING: [UnsupportedBrowserType] Family: PhantomJS
2024-04-23 12:44:22 [scrapy_user_agents.user_agent_picker] WARNING: [UnsupportedDeviceType] Family: Other, Brand: None, Model: None
2024-04-23 12:44:22 [scrapy_user_agents.user_agent_picker] WARNING: [UnsupportedBrowserType] Family: PhantomJS
2024-04-23 12:44:22 [scrapy_user_agents.user_agent_picker] WARNING: [UnsupportedBrowserType] Family: PhantomJS
2024-04-23 12:44:22 [scrapy_user_agents.user_agent_picker] WARNING: [UnsupportedBrowserType] Family: Robot
2024-04-23 12:44:22 [scrapy_user_agents.user_agent_picker] WARNING: [UnsupportedDeviceType] Family: Other, Brand: None, Model: None
2024-04-23 12:44:22 [scrapy_user_agents.user_agent_picker] WARNING: [UnsupportedBrowserType] Family: Zune
2024-04-23 12:44:22 [scrapy.middleware] INFO: Enabled downloader middlewares:
['scrapy.downloadermiddlewares.httpauth.HttpAuthMiddleware',
 'scrapy.downloadermiddlewares.downloadtimeout.DownloadTimeoutMiddleware',
 'scrapy.downloadermiddlewares.defaultheaders.DefaultHeadersMiddleware',
 'scrapy_user_agents.middlewares.RandomUserAgentMiddleware',
 'scrapy.downloadermiddlewares.retry.RetryMiddleware',
 'scrapy.downloadermiddlewares.redirect.MetaRefreshMiddleware',
 'scrapy.downloadermiddlewares.httpcompression.HttpCompressionMiddleware',
 'scrapy.downloadermiddlewares.redirect.RedirectMiddleware',
 'scrapy.downloadermiddlewares.httpproxy.HttpProxyMiddleware',
 'scrapy.downloadermiddlewares.stats.DownloaderStats']
2024-04-23 12:44:22 [scrapy.middleware] INFO: Enabled spider middlewares:
['scrapy.spidermiddlewares.httperror.HttpErrorMiddleware',
 'scrapy.spidermiddlewares.offsite.OffsiteMiddleware',
 'scrapy.spidermiddlewares.referer.RefererMiddleware',
 'scrapy.spidermiddlewares.urllength.UrlLengthMiddleware',
 'scrapy.spidermiddlewares.depth.DepthMiddleware']
2024-04-23 12:44:22 [psycopg.pq] DEBUG: couldn't import psycopg 'c' implementation: No module named 'psycopg_c'
2024-04-23 12:44:22 [psycopg.pq] DEBUG: couldn't import psycopg 'binary' implementation: No module named 'psycopg_binary'
2024-04-23 12:44:22 [scrapy.middleware] INFO: Enabled item pipelines:
['un_votes_updater.pipelines.DatabasePipeline']
2024-04-23 12:44:22 [scrapy.core.engine] INFO: Spider opened
2024-04-23 12:44:22 [scrapy.extensions.logstats] INFO: Crawled 0 pages (at 0 pages/min), scraped 0 items (at 0 items/min)
2024-04-23 12:44:22 [scrapy.extensions.telnet] INFO: Telnet console listening on 127.0.0.1:6023
2024-04-23 12:44:22 [scrapy_user_agents.middlewares] DEBUG: Assigned User-Agent Mozilla/5.0 (Windows NT 6.1) AppleWebKit/537.36 (KHTML, like Gecko) Chrome/64.0.3282.186 Safari/537.36
2024-04-23 12:44:24 [scrapy.core.engine] DEBUG: Crawled (200) <GET https://digitallibrary.un.org/search?ln=en&cc=Voting%20Data&p=&f=&rm=&sf=year&so=a&rg=100&c=Voting%20Data&c=&of=hb&fti=0&fct__9=Vote&fct__3=2025&fti=0> (referer: None)
2024-04-23 12:44:24 [scrapy_user_agents.middlewares] DEBUG: Assigned User-Agent Mozilla/5.0 (Windows NT 6.1; WOW64) AppleWebKit/537.36 (KHTML, like Gecko) Chrome/53.0.2785.143 Safari/537.36
2024-04-23 12:44:30 [scrapy.core.engine] DEBUG: Crawled (200) <GET https://digitallibrary.un.org/search?ln=en&cc=Voting%20Data&p=&f=&rm=&sf=year&so=a&rg=100&c=Voting%20Data&c=&of=hb&fti=0&fct__9=Vote&fct__3=2024&fti=0> (referer: None)
2024-04-23 12:44:30 [scrapy_user_agents.middlewares] DEBUG: Assigned User-Agent Mozilla/5.0 (Windows NT 6.1) AppleWebKit/537.36 (KHTML, like Gecko) Chrome/52.0.2743.116 Safari/537.36
2024-04-23 12:44:38 [scrapy.core.engine] DEBUG: Crawled (200) <GET https://digitallibrary.un.org/search?ln=en&cc=Voting%20Data&p=&f=&rm=&sf=year&so=a&rg=100&c=Voting%20Data&c=&of=hb&fti=0&fct__9=Vote&fct__3=2023&fti=0> (referer: None)
2024-04-23 12:44:38 [scrapy_user_agents.middlewares] DEBUG: Assigned User-Agent Mozilla/5.0 (Windows NT 10.0; Win64; x64) AppleWebKit/537.36 (KHTML, like Gecko) Chrome/57.0.2987.133 Safari/537.36
2024-04-23 12:44:42 [scrapy.core.engine] DEBUG: Crawled (200) <GET https://digitallibrary.un.org/search?ln=en&cc=Voting%20Data&p=&f=&rm=&sf=year&so=a&rg=100&c=Voting%20Data&c=&of=hb&fti=0&fct__9=Vote&fct__3=2022&fti=0> (referer: None)
2024-04-23 12:44:42 [scrapy_user_agents.middlewares] DEBUG: Assigned User-Agent Mozilla/5.0 (Windows NT 10.0; Win64; x64) AppleWebKit/537.36 (KHTML, like Gecko) Chrome/58.0.3029.110 Safari/537.36
2024-04-23 12:44:47 [scrapy.core.engine] DEBUG: Crawled (200) <GET https://digitallibrary.un.org/search?c=Voting+Data&jrec=101&cc=Voting+Data&ln=en&rg=100&so=a&fct__3=2023&fct__9=Vote&sf=year> (referer: https://digitallibrary.un.org/search?ln=en&cc=Voting%20Data&p=&f=&rm=&sf=year&so=a&rg=100&c=Voting%20Data&c=&of=hb&fti=0&fct__9=Vote&fct__3=2023&fti=0)
2024-04-23 12:44:47 [scrapy_user_agents.middlewares] DEBUG: Assigned User-Agent Mozilla/5.0 (Windows NT 6.1; WOW64) AppleWebKit/537.36 (KHTML, like Gecko) Chrome/47.0.2526.73 Safari/537.36
2024-04-23 12:44:51 [scrapy.core.engine] DEBUG: Crawled (200) <GET https://digitallibrary.un.org/search?c=Voting+Data&jrec=101&cc=Voting+Data&ln=en&rg=100&so=a&fct__3=2022&fct__9=Vote&sf=year> (referer: https://digitallibrary.un.org/search?ln=en&cc=Voting%20Data&p=&f=&rm=&sf=year&so=a&rg=100&c=Voting%20Data&c=&of=hb&fti=0&fct__9=Vote&fct__3=2022&fti=0)
2024-04-23 12:44:51 [scrapy_user_agents.middlewares] DEBUG: Assigned User-Agent Mozilla/5.0 (Windows NT 6.3; WOW64) AppleWebKit/537.36 (KHTML, like Gecko) Chrome/45.0.2454.93 Safari/537.36
2024-04-23 12:44:57 [scrapy.core.engine] DEBUG: Crawled (200) <GET https://digitallibrary.un.org/search?ln=en&cc=Voting%20Data&p=&f=&rm=&sf=year&so=a&rg=100&c=Voting%20Data&c=&of=hb&fti=0&fct__9=Vote&fct__3=2021&fti=0> (referer: None)
2024-04-23 12:44:57 [scrapy_user_agents.middlewares] DEBUG: Assigned User-Agent Mozilla/5.0 (Windows NT 5.1; Win64; x64) AppleWebKit/537.36 (KHTML, like Gecko) Chrome/55.0.2883.87 Safari/537.36
2024-04-23 12:44:59 [scrapy.core.engine] DEBUG: Crawled (200) <GET https://digitallibrary.un.org/search?c=Voting+Data&jrec=101&cc=Voting+Data&ln=en&rg=100&so=a&fct__3=2021&fct__9=Vote&sf=year> (referer: https://digitallibrary.un.org/search?ln=en&cc=Voting%20Data&p=&f=&rm=&sf=year&so=a&rg=100&c=Voting%20Data&c=&of=hb&fti=0&fct__9=Vote&fct__3=2021&fti=0)
2024-04-23 12:45:00 [scrapy.core.engine] INFO: Closing spider (finished)
2024-04-23 12:45:00 [scrapy.statscollectors] INFO: Dumping Scrapy stats:
{'downloader/request_bytes': 3733,
 'downloader/request_count': 8,
 'downloader/request_method_count/GET': 8,
 'downloader/response_bytes': 219058,
 'downloader/response_count': 8,
 'downloader/response_status_count/200': 8,
 'elapsed_time_seconds': 37.335588,
 'finish_reason': 'finished',
 'finish_time': datetime.datetime(2024, 4, 23, 7, 45, 0, 136074, tzinfo=datetime.timezone.utc),
 'httpcompression/response_bytes': 2772718,
 'httpcompression/response_count': 8,
 'log_count/DEBUG': 21,
 'log_count/INFO': 10,
 'log_count/WARNING': 45,
 'memusage/max': 79208448,
 'memusage/startup': 79208448,
 'request_depth_max': 1,
 'response_received_count': 8,
 'scheduler/dequeued': 8,
 'scheduler/dequeued/memory': 8,
 'scheduler/enqueued': 8,
 'scheduler/enqueued/memory': 8,
 'start_time': datetime.datetime(2024, 4, 23, 7, 44, 22, 800486, tzinfo=datetime.timezone.utc)}
2024-04-23 12:45:00 [scrapy.core.engine] INFO: Spider closed (finished)
