Tue Mar 12 07:37:47 PM +05 2024
Checksum operation completed
Files scanned:   2038
Blocks scanned:  15755
Bad checksums:  0
Data checksum version: 1
--------------------------------
Tue Mar 12 08:49:45 PM +05 2024
Checksum operation completed
Files scanned:   2044
Blocks scanned:  18655
Bad checksums:  0
Data checksum version: 1
--------------------------------
Thu Mar 14 07:06:02 PM +05 2024
Checksum operation completed
Files scanned:   2044
Blocks scanned:  21799
Bad checksums:  0
Data checksum version: 1
--------------------------------
Fri Mar 15 03:35:25 AM +05 2024
Checksum operation completed
Files scanned:   2044
Blocks scanned:  24313
Bad checksums:  0
Data checksum version: 1
--------------------------------
