671185
671187
671188
671189
671191
671192
671193
671182
671183
671184
671166
671167
671169
671170
671181
671160
671161
671162
671163
671159
671155
671156
671157
671152
671153
671150
671151
671147
671148
671146
616325
616373
671261
671264
671252
671254
671259
671260
669067
671212
671213
671204
671207
671200
671203
670756
670773
670774
670776
670777
670778
670768
670769
670770
670766
670767
670762
670763
670764
670765
670760
670746
670747
670749
670751
670753
670754
670755
670759
670734
670735
670736
670737
670738
670739
670740
670742
670743
670745
670726
670727
670728
670733
670724
670712
670713
670714
670715
670716
670717
670718
670720
670721
670722
670723
670711
670698
670699
670700
670701
670702
670703
670704
670705
670706
670707
670708
670709
670710
670682
670684
670685
670697
670674
670672
670664
670665
670667
670669
670671
670663
670661
671036
671035
671033
671026
671027
671030
671031
671021
671024
671025
670982
670983
670977
670978
670979
670980
670981
670975
668951
670971
670973
670965
670966
670967
670968
670962
670963
670944
670945
670946
670947
670948
670949
670950
670951
670957
670959
670960
670936
670937
670939
670940
670941
670935
670932
670933
670931
670930
670915
670917
670918
670919
670920
670921
670922
670923
670929
670913
670907
616379
616378
616394
670024
670648
670649
670650
670651
670653
670654
670561
670562
670565
670567
670569
670571
670572
670596
670597
670601
670603
670604
670645
670526
670527
670528
670529
670530
670531
670025
670026
670029
670030
670019
670022
670016
670007
670008
670011
670012
670013
670014
670015
670600
670532
670535
670536
670537
670538
670539
670540
670541
670549
670551
670552
670553
670554
670555
670556
670421
670423
670424
670425
670426
670428
670429
670430
670522
670523
670524
670525
670398
670403
670405
670412
670416
670417
670418
670420
670326
670328
670329
670331
670388
670389
670390
670391
670392
670393
670396
670397
670324
670318
670319
670320
670321
670322
670323
670296
670297
670298
670281
670282
670283
670285
670286
670287
670288
670291
670292
670293
670294
670303
670274
670275
670276
670277
670273
670270
670271
669735
669501
669504
669505
669506
669507
669508
669509
669510
669511
669513
669514
669515
669518
669520
669521
669522
669523
669524
669525
669526
669529
669530
669532
669533
669585
669488
669489
669490
669491
669494
669495
669496
669497
669498
669500
669485
669480
669482
669484
669466
669468
669469
669470
669471
669474
669475
669478
669479
669460
669461
669462
669463
669464
669435
669439
669443
669447
669736
669737
669738
669739
669740
669741
669742
669743
669744
669745
669746
669747
669749
669750
669751
669752
669753
669754
669729
669730
669731
669732
669733
669734
669718
669719
669720
669721
669723
669724
669725
669726
669977
669978
672217
672218
672219
672220
672221
672222
672223
672224
672225
672226
672119
672120
672121
672122
672123
672124
672125
672126
672127
672128
672129
672213
672214
672117
672118
672110
672111
672112
672113
672114
672115
672116
672109
671777
671776
669593
669595
669597
670000
669592
669590
669589
669587
669588
669586
669455
669459
669424
669427
669428
669430
669432
669419
669420
669422
670168
670170
670171
670172
670173
670174
670176
670146
670147
670149
670150
670152
670153
670154
670156
670157
670158
670159
670162
670163
670165
670166
670167
670100
670101
670102
670132
670134
670136
670137
670140
670082
670083
670084
670085
670086
670087
670089
670090
670094
670099
670077
670078
670079
670080
670075
670076
670067
670069
670070
670071
670072
670073
670066
670047
670048
670049
670051
670052
670055
670056
670057
670058
670060
670061
670037
670038
670039
670040
670041
670042
670043
670045
670046
670031
668607
668608
668609
668610
668611
668612
668594
668595
668596
668599
668600
668601
668602
668603
668604
668605
668606
668588
668589
668590
668591
668592
668593
668586
665784
665785
665786
665787
665788
665789
665790
665791
665792
665793
665794
665795
665796
665797
665798
668584
668585
665781
665782
665783
665780
665776
665777
665778
665779
665774
665775
665772
665773
669691
669692
669693
669694
669695
669696
669698
669699
669700
669701
669702
669703
669704
669705
669707
669654
669656
669657
669658
669659
669660
669661
669662
669664
669665
669666
669667
669668
669669
669671
669680
669681
669682
669685
669688
669650
669651
669652
671774
671775
671772
671759
671760
671761
671762
671763
671764
671765
671766
671767
671768
671769
671770
671771
671757
671755
671756
671751
671752
671753
671754
671747
671748
671749
671750
671743
671744
671745
671746
671741
671742
667923
666530
668465
668466
668467
668468
668469
668470
668472
668473
668474
668475
668476
668457
668458
668459
668460
668461
668462
668463
668454
668455
668448
668449
668450
668451
668452
668453
668446
668447
666529
666531
666532
666533
666534
666535
666536
666537
666538
666539
666540
666541
666542
666521
666522
666523
666524
666525
666526
666527
666528
666519
666520
668573
668567
668568
668571
668557
668558
668559
668560
668561
668562
668564
668565
668500
668501
668502
668503
668504
668505
668506
668507
668508
668509
668510
668511
668542
668543
668549
668553
668554
668556
796031
669326
668488
668489
668490
668491
668492
667942
667943
667944
667945
667946
667947
667948
667949
668485
668486
668487
667939
667940
667935
667936
667937
667932
667933
667934
667924
667925
667926
667927
667928
667929
667930
667931
667922
667918
667919
667920
667921
669308
667941
617424
617524
617447
668336
668041
668042
668043
668044
668045
668046
668048
668049
668050
668051
668037
668038
668039
668036
667998
668031
668032
668033
667906
667907
667908
667909
667910
667911
667961
667964
667965
667966
667967
667970
667975
667979
667984
667990
667992
667994
665131
665132
665128
665129
665130
665112
665113
665114
665115
665116
665118
665119
665120
665121
665122
665123
665124
665125
665126
665127
664385
664386
664387
664388
664389
664390
664391
664392
664393
664394
664395
664396
664384
668338
668339
668341
668343
668346
668348
668349
668350
668351
668352
668315
668316
668317
668318
668319
668320
668323
668324
668326
668327
668328
668329
668331
668332
668334
665768
665769
665770
668310
668312
665756
665757
665758
665759
665760
665761
665762
665763
665764
665765
665766
665767
665715
665752
665753
665754
665755
665749
665750
665751
664405
664406
664407
664408
664409
664404
617420
667620
664898
664903
664904
664905
664906
662139
662140
662141
663147
664877
664879
664884
664885
664886
664887
664888
664889
664893
662130
662131
662132
662133
662134
662135
662136
662137
662138
662129
662127
662128
662126
662125
662124
662123
667651
667652
667654
667640
667638
667627
667628
667629
667630
667631
667633
667634
667636
662109
662110
662111
662112
662113
662114
662115
662116
662117
662118
662119
662120
662121
667612
667613
667616
667617
662093
662094
662095
662096
662097
662098
662099
662100
662101
662102
662103
662104
662105
662106
662107
662108
662092
662089
662090
662091
617017
664288
664290
664294
664296
664299
664300
664304
664306
664278
664280
664281
664283
664284
664286
664277
661386
661387
661388
661389
661390
661391
661392
661393
661394
661395
662597
664257
661384
661385
661383
661382
661380
661381
661379
616587
616588
616589
616590
616591
663788
663795
663796
663797
663798
663799
663800
663801
663802
663803
663804
663782
663783
663784
663785
663787
663789
663790
663791
663793
661416
661417
661418
663772
663774
663775
663776
663777
663778
663779
663780
663781
661414
661415
661410
661411
661412
661413
661409
661407
661408
661403
661404
661405
661406
661402
663702
661401
661400
661398
661399
4000933
661397
664913
664914
660144
660150
660153
660156
660157
660158
660159
660161
660162
660163
660164
660165
660055
660057
660058
660134
660135
660136
660137
660139
660140
660052
661001
661002
661003
661004
661005
661006
661007
660998
660999
661000
660995
660996
660997
660827
660828
660994
660824
660825
660826
658992
658991
658990
658989
658985
659851
659853
659854
659855
659856
659859
659860
659861
659864
659866
659870
659871
659876
659879
659880
659883
659885
659887
659888
659889
659890
659891
659892
659893
659894
658969
659844
659845
659846
659847
659850
658960
658964
658716
658717
658718
658944
658945
658954
658958
658713
658714
658715
658710
658711
658712
658709
658708
658705
658706
658707
658704
658703
617014
617013
616770
616771
660017
660018
660019
660021
660023
660024
660025
660026
660027
660028
660029
660030
659999
660000
660001
660002
660003
660005
660006
660009
659998
659991
659997
660822
660823
660820
660821
660818
660819
660816
660817
660813
660814
660815
660807
660808
660809
660810
660811
660812
660806
660805
660804
660801
660802
660803
660800
660799
658688
658993
660039
658980
659503
659504
659505
659507
659651
659655
659508
659514
659516
659466
659475
659477
659478
659479
659480
659482
659483
659485
659492
659494
659495
659499
659500
659502
656376
656448
657308
657945
658106
658121
658433
659455
659456
657357
657364
657365
657366
657368
657340
657345
657351
657356
657303
657304
657305
657306
657307
657309
657302
657299
657300
657301
657276
657280
657295
657296
657298
657273
657265
657271
657248
657246
659656
659657
659660
659663
659666
659667
659668
659669
659671
659672
659673
659674
659676
659677
659622
659624
659625
659634
659636
659637
659638
659640
659643
659644
659645
659646
658689
658690
658691
658692
658693
658694
658695
658697
658698
658699
658700
658701
659618
659619
659620
659621
658687
658696
658672
658683
658684
658685
658686
658995
658669
658670
658657
658659
658661
658650
658652
658634
656371
658420
658422
658424
658425
658350
658352
658356
658377
658378
658380
658383
658385
658387
658391
658393
658396
656372
656373
656374
656375
656377
656378
656379
656380
656381
656418
656420
656422
656424
656425
656452
656453
656364
658401
658345
658346
658347
658349
658342
658343
658344
654261
654265
654272
655973
656084
657426
654029
654030
654031
654032
654033
654239
654242
654245
654252
654255
654024
654025
654026
654027
654028
654021
654022
654020
654016
656365
656366
656367
656368
656369
656370
656353
656355
656357
656358
656360
656361
656362
652929
656351
658851
658852
658853
658854
658855
658856
658857
658858
658846
658848
658832
658833
658835
658836
658838
658839
658813
658814
658818
658820
658822
658823
658825
658827
658809
658811
658808
658806
658805
658360
658804
632881
652215
652347
652348
652350
652351
652214
651416
652113
652176
656538
652680
652682
652684
652177
652178
652179
656323
651414
651415
651411
651412
651413
651409
651410
651405
651406
651407
651408
651404
651385
651388
651390
651383
651382
651379
651381
652626
652630
652631
652658
652660
652662
652663
652664
652665
652666
652667
652792
652794
652797
652799
652803
652804
652806
652782
652783
652785
652788
652791
652780
652776
652779
652752
652755
652751
652748
652749
652750
652743
652736
652740
652741
651097
650132
650130
650131
650010
650112
650114
650115
651098
651103
651104
651105
651052
650116
650122
650126
650009
650433
650454
650463
650464
650465
650467
650381
650382
650394
650396
650277
650344
650338
650325
650326
650331
650333
650275
650274
651094
651095
651035
651044
650978
650981
650984
650985
650987
650988
650954
650957
650959
650960
650962
650970
650972
650973
650976
650935
650941
650943
650890
650927
650909
650912
650915
650918
650922
650886
643261
643262
649998
643266
643267
643268
643270
643272
643340
643277
642287
649706
649697
649027
649322
649323
649021
649015
616044
619249
616102
616111
615412
616100
614878
614879
614880
629421
629423
629425
616103
616105
616109
615410
616110
616107
616108
616106
614863
614849
614852
614855
614875
614876
614877
614867
614868
614870
614874
614864
605487
605490
