Sun Mar 31 01:47:07 AM +05 2024
pg_checksums: error: cluster must be shut down
Sun Mar 31 02:07:34 AM +05 2024
Checksum operation completed
Files scanned:   2369
Blocks scanned:  344572
Bad checksums:  0
Data checksum version: 1
--------------------------------
Sun Mar 31 02:08:13 AM +05 2024
Checksum operation completed
Files scanned:   2369
Blocks scanned:  344572
Bad checksums:  0
Data checksum version: 1
--------------------------------
Tue Apr 23 12:45:06 PM +05 2024
Checksum operation completed
Files scanned:   2974
Blocks scanned:  346415
Bad checksums:  0
Data checksum version: 1
--------------------------------
Tue Apr 23 12:45:19 PM +05 2024
Checksum operation completed
Files scanned:   2974
Blocks scanned:  346415
Bad checksums:  0
Data checksum version: 1
--------------------------------
Tue Jun  4 03:35:17 PM +05 2024
Checksum operation completed
Files scanned:   3251
Blocks scanned:  346460
Bad checksums:  0
Data checksum version: 1
--------------------------------
Tue Jun  4 03:35:30 PM +05 2024
Checksum operation completed
Files scanned:   3251
Blocks scanned:  346460
Bad checksums:  0
Data checksum version: 1
--------------------------------
Tue Jul  9 01:41:55 AM +05 2024
Checksum operation completed
Files scanned:   3628
Blocks scanned:  347676
Bad checksums:  0
Data checksum version: 1
--------------------------------
Tue Jul  9 01:42:09 AM +05 2024
Checksum operation completed
Files scanned:   3628
Blocks scanned:  347676
Bad checksums:  0
Data checksum version: 1
--------------------------------
Tue Jul  9 01:46:50 AM +05 2024
Checksum operation completed
Files scanned:   3628
Blocks scanned:  347683
Bad checksums:  0
Data checksum version: 1
--------------------------------
Tue Jul  9 01:47:04 AM +05 2024
Checksum operation completed
Files scanned:   3628
Blocks scanned:  347683
Bad checksums:  0
Data checksum version: 1
--------------------------------
